This is pdfTeX, Version 3.14159265-2.6-1.40.18 (TeX Live 2017) (preloaded format=pdflatex 2017.5.23)  26 NOV 2017 23:29
entering extended mode
 restricted \write18 enabled.
 file:line:error style messages enabled.
 %&-line parsing enabled.
**manuscript.tex
(./manuscript.tex
LaTeX2e <2017-04-15>
Babel <3.10> and hyphenation patterns for 84 language(s) loaded.
(./biometrika.cls
Document Class: biometrika 2009/25/05 v1.5 Standard LaTeX document class
\draftrule=\dimen102
\trimrule=\dimen103
(./Biomet-lineno.sty (./lineno.sty
Package: lineno 2005/11/02 line numbers on paragraphs v4.41
\linenopenalty=\count79
\output=\toks14
\linenoprevgraf=\count80
\linenumbersep=\dimen104
\linenumberwidth=\dimen105
\c@linenumber=\count81
\c@pagewiselinenumber=\count82
\c@LN@truepage=\count83
\c@internallinenumber=\count84
\c@internallinenumbers=\count85
\quotelinenumbersep=\dimen106
\bframerule=\dimen107
\bframesep=\dimen108
\bframebox=\box26
LaTeX Info: Redefining \\ on input line 3056.
))
\minute=\count86
\hour=\count87
\trimwidth=\dimen109
\trimheight=\dimen110
\typewidth=\dimen111
\typeheight=\dimen112
\tempdimen=\dimen113
\normaltextheight=\dimen114
\normalbaselineskip=\skip41
\blindfoliodrop=\dimen115
\enumdim=\dimen116
\figheight=\dimen117
\figwidth=\dimen118
\tabledim=\dimen119
\tableleftskip=\skip42
\tablerightskip=\skip43
\mathindent=\dimen120
\emathindent=\dimen121
\bibindent=\dimen122
\tempbox=\box27
\aucount=\count88
\affcount=\count89
\articlecount=\count90
\abbrebox=\box28
\c@part=\count91
\c@chapter=\count92
\c@section=\count93
\c@subsection=\count94
\topsepi=\skip44
\topsepii=\skip45
\topsepiii=\skip46
\itemsepi=\skip47
\itemsepii=\skip48
\itemsepiii=\skip49
\LabelSep=\dimen123
\deflistcount=\count95
\listtextleftmargin=\skip50
\listtextleftmarginii=\skip51
\listtextleftmarginiii=\skip52
\listtextrightmargin=\skip53
\listlabelleftskip=\skip54
\listlabelleftskipii=\skip55
\listlabelleftskipiii=\skip56
\abovelistskipi=\skip57
\belowlistskipi=\skip58
\abovelistskipii=\skip59
\belowlistskipii=\skip60
\abovelistskipiii=\skip61
\belowlistskipiii=\skip62
\labelsepi=\skip63
\labelsepii=\skip64
\labelsepiii=\skip65
\enumdimwd=\dimen124
\unnumlistindent=\dimen125
\itemleftmargin=\dimen126
\itemlabelsep=\dimen127
\c@ncount=\count96
\abovecaptionskip=\skip66
\belowcaptionskip=\skip67
\c@figure=\count97
\tempadimen=\dimen128

(/usr/local/texlive/2017/texmf-dist/tex/generic/epsf/epsf.sty
This is `epsf.tex' v2.7.4 <14 February 2011>
\epsffilein=\read1
\epsfframemargin=\dimen129
\epsfframethickness=\dimen130
\epsfrsize=\dimen131
\epsftmp=\dimen132
\epsftsize=\dimen133
\epsfxsize=\dimen134
\epsfysize=\dimen135
\pspoints=\dimen136
)
\figtempbox=\box29
\c@table=\count98
\@footmax=\dimen137
LaTeX Font Info:    External font `cmex10' loaded for size
(Font)              <8> on input line 1292.
LaTeX Font Info:    External font `cmex10' loaded for size
(Font)              <6> on input line 1292.
LaTeX Font Info:    External font `cmex10' loaded for size
(Font)              <5> on input line 1292.
\bibindent=\dimen138
\bibleftmargin=\dimen139
\bibitemsep=\dimen140
\bibparsep=\dimen141
\bibtext=\dimen142
\biblabelsep=\dimen143
\bibleftmargini=\dimen144
\linecount=\count99
\tempcount=\count100
 (./ntheorem.sty
Style `ntheorem', Version 1.24 <2004/09/20>
Package: ntheorem 2004/09/20 1.24
\theorem@style=\toks15
\theorem@@style=\toks16
\theorembodyfont=\toks17
\theoremnumbering=\toks18
\theorempreskipamount=\skip68
\theorempostskipamount=\skip69
\theoremindent=\dimen145
\theorem@indent=\dimen146
\theoremheaderfont=\toks19
\theoremseparator=\toks20
\theoremprework=\toks21
\theorempostwork=\toks22
\theoremsymbol=\toks23
\qedsymbol=\toks24
\theoremkeyword=\toks25
\qedsymbol=\toks26
\thm@topsepadd=\skip70
Package ntheorem Info: Option `thmmarks' loaded on input line 1031.
\c@endNonectr=\count101
\c@currNonectr=\count102
\mysavskip=\skip71
)
\c@currtheoremctr=\count103
\c@endtheoremctr=\count104
\c@theorem=\count105
\c@currlemmactr=\count106
\c@endlemmactr=\count107
\c@lemma=\count108
\c@currcorollaryctr=\count109
\c@endcorollaryctr=\count110
\c@corollary=\count111
\c@currpropositionctr=\count112
\c@endpropositionctr=\count113
\c@proposition=\count114
\c@currdefinitionctr=\count115
\c@enddefinitionctr=\count116
\c@definition=\count117
\c@currassumptionctr=\count118
\c@endassumptionctr=\count119
\c@assumption=\count120
\c@currremarkctr=\count121
\c@endremarkctr=\count122
\c@remark=\count123
\c@currstepctr=\count124
\c@endstepctr=\count125
\c@step=\count126
\c@currconditionctr=\count127
\c@endconditionctr=\count128
\c@condition=\count129
\c@currpropertyctr=\count130
\c@endpropertyctr=\count131
\c@property=\count132
\c@currrestrictionctr=\count133
\c@endrestrictionctr=\count134
\c@restriction=\count135
\c@currexamplectr=\count136
\c@endexamplectr=\count137
\c@example=\count138
\c@curralgoctr=\count139
\c@endalgoctr=\count140
\c@algo=\count141
\c@currproofctr=\count142
\c@endproofctr=\count143
\c@proof=\count144
 (/usr/local/texlive/2017/texmf-dist/tex/latex/natbib/natbib.sty
Package: natbib 2010/09/13 8.31b (PWD, AO)
\bibhang=\skip72
\bibsep=\skip73
LaTeX Info: Redefining \cite on input line 694.
\c@NAT@ctr=\count145
))
(/usr/local/texlive/2017/texmf-dist/tex/latex/amsmath/amsmath.sty
Package: amsmath 2016/11/05 v2.16a AMS math features
\@mathmargin=\skip74

For additional information on amsmath, use the `?' option.
(/usr/local/texlive/2017/texmf-dist/tex/latex/amsmath/amstext.sty
Package: amstext 2000/06/29 v2.01 AMS text

(/usr/local/texlive/2017/texmf-dist/tex/latex/amsmath/amsgen.sty
File: amsgen.sty 1999/11/30 v2.0 generic functions
\@emptytoks=\toks27
\ex@=\dimen147
)
LaTeX Info: Redefining \text on input line 28.
)
(/usr/local/texlive/2017/texmf-dist/tex/latex/amsmath/amsbsy.sty
Package: amsbsy 1999/11/29 v1.2d Bold Symbols
\pmbraise@=\dimen148
)
(/usr/local/texlive/2017/texmf-dist/tex/latex/amsmath/amsopn.sty
Package: amsopn 2016/03/08 v2.02 operator names
)
\inf@bad=\count146
LaTeX Info: Redefining \frac on input line 213.
\uproot@=\count147
\leftroot@=\count148
LaTeX Info: Redefining \overline on input line 375.
\classnum@=\count149
\DOTSCASE@=\count150
LaTeX Info: Redefining \ldots on input line 472.
LaTeX Info: Redefining \dots on input line 475.
LaTeX Info: Redefining \cdots on input line 596.
\Mathstrutbox@=\box30
\strutbox@=\box31
\big@size=\dimen149
LaTeX Font Info:    Redeclaring font encoding OML on input line 712.
LaTeX Font Info:    Redeclaring font encoding OMS on input line 713.
\macc@depth=\count151
\c@MaxMatrixCols=\count152
\dotsspace@=\muskip10
\c@parentequation=\count153
\dspbrk@lvl=\count154
\tag@help=\toks28
\row@=\count155
\column@=\count156
\maxfields@=\count157
\andhelp@=\toks29
\eqnshift@=\dimen150
\alignsep@=\dimen151
\tagshift@=\dimen152
\tagwidth@=\dimen153
\totwidth@=\dimen154
\lineht@=\dimen155
\@envbody=\toks30
\multlinegap=\skip75
\multlinetaggap=\skip76
\mathdisplay@stack=\toks31
LaTeX Info: Redefining \[ on input line 2817.
LaTeX Info: Redefining \] on input line 2818.
)
(/usr/local/texlive/2017/texmf-dist/tex/latex/psnfss/times.sty
Package: times 2005/04/12 PSNFSS-v9.2a (SPQR) 
)
(/usr/local/texlive/2017/texmf-dist/tex/latex/tools/bm.sty
Package: bm 2017/01/16 v1.2c Bold Symbol Support (DPC/FMi)
\symboldoperators=\mathgroup4
\symboldletters=\mathgroup5
\symboldsymbols=\mathgroup6
LaTeX Font Info:    Redeclaring math alphabet \mathbf on input line 141.
LaTeX Info: Redefining \bm on input line 207.
)
(/usr/local/texlive/2017/texmf-dist/tex/latex/algorithm2e/algorithm2e.sty
Package: algorithm2e 2013/01/06 v5.00 algorithms environments
\c@AlgoLine=\count158

(/usr/local/texlive/2017/texmf-dist/tex/latex/base/ifthen.sty
Package: ifthen 2014/09/29 v1.1c Standard LaTeX ifthen package (DPC)
)
\algocf@hangindent=\skip77

(/usr/local/texlive/2017/texmf-dist/tex/latex/tools/xspace.sty
Package: xspace 2014/10/28 v1.13 Space after command names (DPC,MH)
)
(/usr/local/texlive/2017/texmf-dist/tex/latex/relsize/relsize.sty
Package: relsize 2013/03/29 ver 4.1
)
********************************************************
Package `algorithm2e' Release 5.1 -- october 19 2015 --
- algorithm2e-announce@lirmm.fr mailing list for announcement about releases
- algorithm2e-discussion@lirmm.fr mailing list for discussion about package
subscribe by emailing sympa@lirmm.fr with 'subscribe <list> <firstname name>'
- Author: Christophe Fiorio (christophe.fiorio@umontpellier.fr)
********************************************************
\skiptotal=\skip78
\skiplinenumber=\skip79
\skiprule=\skip80
\skiphlne=\skip81
\skiptext=\skip82
\skiplength=\skip83
\algomargin=\skip84
\skipalgocfslide=\skip85
\algowidth=\dimen156
\inoutsize=\dimen157
\inoutindent=\dimen158
\interspacetitleruled=\dimen159
\interspacealgoruled=\dimen160
\interspacetitleboxruled=\dimen161
\algocf@ruledwidth=\skip86
\algocf@inoutbox=\box32
\algocf@inputbox=\box33
\AlCapSkip=\skip87
\AlCapHSkip=\skip88
\algoskipindent=\skip89
\algocf@nlbox=\box34
\algocf@hangingbox=\box35
\algocf@untilbox=\box36
\algocf@skipuntil=\skip90
\algocf@capbox=\box37
\algoheightruledefault=\skip91
\algoheightrule=\skip92
\algotitleheightruledefault=\skip93
\algotitleheightrule=\skip94
\c@algocfline=\count159
\c@algocfproc=\count160
\c@algocf=\count161
\algocf@algoframe=\box38
\algocf@algobox=\box39
) (./manuscript.aux)
\openout1 = `manuscript.aux'.

LaTeX Font Info:    Checking defaults for OML/cmm/m/it on input line 40.
LaTeX Font Info:    ... okay on input line 40.
LaTeX Font Info:    Checking defaults for T1/cmr/m/n on input line 40.
LaTeX Font Info:    ... okay on input line 40.
LaTeX Font Info:    Checking defaults for OT1/cmr/m/n on input line 40.
LaTeX Font Info:    ... okay on input line 40.
LaTeX Font Info:    Checking defaults for OMS/cmsy/m/n on input line 40.
LaTeX Font Info:    ... okay on input line 40.
LaTeX Font Info:    Checking defaults for OMX/cmex/m/n on input line 40.
LaTeX Font Info:    ... okay on input line 40.
LaTeX Font Info:    Checking defaults for U/cmr/m/n on input line 40.
LaTeX Font Info:    ... okay on input line 40.
LaTeX Font Info:    Try loading font information for OT1+ptm on input line 40.

(/usr/local/texlive/2017/texmf-dist/tex/latex/psnfss/ot1ptm.fd
File: ot1ptm.fd 2001/06/04 font definitions for OT1/ptm.
)
LaTeX Font Info:    Font shape `OT1/ptm/bx/n' in size <16> not available
(Font)              Font shape `OT1/ptm/b/n' tried instead on input line 71.
LaTeX Font Info:    Try loading font information for OT1+phv on input line 71.

(/usr/local/texlive/2017/texmf-dist/tex/latex/psnfss/ot1phv.fd
File: ot1phv.fd 2001/06/04 scalable font definitions for OT1/phv.
)
(art/bivLiuFig1.eps
)

Overfull \vbox (240.8pt too high) detected at line 101
 []

LaTeX Font Info:    Font shape `OT1/ptm/bx/n' in size <9> not available
(Font)              Font shape `OT1/ptm/b/n' tried instead on input line 101.

Overfull \vbox (62.0pt too high) has occurred while \output is active []

LaTeX Font Info:    Font shape `OT1/ptm/bx/n' in size <8> not available
(Font)              Font shape `OT1/ptm/b/n' tried instead on input line 123.

Overfull \vbox (9.51196pt too high) has occurred while \output is active []


[1{/usr/local/texlive/2017/texmf-var/fonts/map/pdftex/updmap/pdftex.map}

]
Underfull \vbox (badness 10000) has occurred while \output is active []


Overfull \vbox (62.0pt too high) has occurred while \output is active []


Overfull \vbox (1.06897pt too high) has occurred while \output is active []


[2
Non-PDF special ignored!]
Underfull \hbox (badness 1205) in paragraph at lines 174--211
[]\OT1/cmr/m/n/10 (\OML/cmm/m/it/10 U[]\OT1/cmr/m/n/10 (\OML/cmm/m/it/10 t\OT1/
cmr/m/n/10 )\OML/cmm/m/it/10 ; U[]\OT1/cmr/m/n/10 (\OML/cmm/m/it/10 s\OT1/cmr/m
/n/10 )) = \OML/cmm/m/it/10 ^^Q[]\OT1/cmr/m/n/10 (\OML/cmm/m/it/10 ^^Z[]\OT1/cm
r/m/n/10 ; \OML/cmm/m/it/10 s; t\OT1/cmr/m/n/10 )$\OT1/ptm/m/n/10 , and $[]\OT1
/cmr/m/n/10 (\OML/cmm/m/it/10 U[]\OT1/cmr/m/n/10 (\OML/cmm/m/it/10 t\OT1/cmr/m/
n/10 )\OML/cmm/m/it/10 ; U[]\OT1/cmr/m/n/10 (\OML/cmm/m/it/10 s\OT1/cmr/m/n/10 
)) = \OML/cmm/m/it/10 ^^Q[]\OT1/cmr/m/n/10 (\OML/cmm/m/it/10 ^^Z[]\OT1/cmr/m/n/
10 ; \OML/cmm/m/it/10 s; t\OT1/cmr/m/n/10 )$ \OT1/ptm/m/n/10 are cor-re-la-tion
 func-tions,
 []


Overfull \vbox (62.0pt too high) has occurred while \output is active []


Overfull \vbox (1.1294pt too high) has occurred while \output is active []


[3]

Package amsmath Warning: Foreign command \over;
(amsmath)                \frac or \genfrac should be used instead
(amsmath)                 on input line 559.


Overfull \vbox (62.0pt too high) has occurred while \output is active []


Overfull \vbox (1.06897pt too high) has occurred while \output is active []


[4]
Underfull \hbox (badness 10000) in paragraph at lines 634--671
\OT1/ptm/m/n/10 where $\OML/cmm/b/it/10 W[] \OT1/cmr/m/n/10 = \OML/cmm/b/it/10 
W[] \OMS/cmsy/m/n/10 ^^@ \OML/cmm/b/it/10 W[]N[]\OT1/cmr/m/n/10 (\OML/cmm/b/it/
10 N[]W[]N[] \OT1/cmr/bx/n/10 + \OML/cmm/m/it/10 ^^U[]\OML/cmm/b/it/10 K\OT1/cm
r/m/n/10 )[]\OML/cmm/b/it/10 N[]W[]$\OT1/ptm/m/n/10 , $\OML/cmm/b/it/10 W[] \OT
1/cmr/m/n/10 = \OML/cmm/b/it/10 W[] \OMS/cmsy/m/n/10 ^^@
 []


Underfull \hbox (badness 6063) in paragraph at lines 634--671
\OML/cmm/b/it/10 W[]X\OT1/cmr/m/n/10 (\OML/cmm/b/it/10 X[]W[]X\OT1/cmr/m/n/10 )
[]\OML/cmm/b/it/10 X[]W[]\OML/cmm/m/it/10 ;$ \OT1/ptm/m/n/10 and $\OML/cmm/b/it
/10 W[] \OT1/cmr/m/n/10 = \OML/cmm/b/it/10 W[] \OMS/cmsy/m/n/10 ^^@ \OML/cmm/b/
it/10 W[]X\OT1/cmr/m/n/10 (\OML/cmm/b/it/10 X[]W[]X\OT1/cmr/m/n/10 )[]\OML/cmm/
b/it/10 X[]W[]$ \OT1/ptm/m/n/10 are weight ma-tri-
 []


Underfull \hbox (badness 4217) in paragraph at lines 634--671
\OT1/ptm/m/n/10 ces with $\OML/cmm/b/it/10 W[] \OT1/cmr/m/n/10 = \OML/cmm/b/it/
10 W \OMS/cmsy/m/n/10 ^^@ \OML/cmm/b/it/10 WN[]\OT1/cmr/m/n/10 (\OML/cmm/b/it/1
0 N[]WN[] \OT1/cmr/bx/n/10 + \OML/cmm/m/it/10 ^^U[]\OML/cmm/b/it/10 K\OT1/cmr/m
/n/10 )[]\OML/cmm/b/it/10 N[]W$ \OT1/ptm/m/n/10 and $\OML/cmm/b/it/10 W[] \OT1/
cmr/m/n/10 = \OML/cmm/b/it/10 W \OMS/cmsy/m/n/10 ^^@ \OML/cmm/b/it/10 WN[]\OT1/
cmr/m/n/10 (\OML/cmm/b/it/10 N[]WN[] \OT1/cmr/bx/n/10 +
 []


Overfull \vbox (62.0pt too high) has occurred while \output is active []


Overfull \vbox (1.1294pt too high) has occurred while \output is active []


[5]
Overfull \hbox (39.87883pt too wide) detected at line 896
[]\OT1/cmr/m/n/10 ([](\OML/cmm/b/it/10 s[]\OT1/cmr/m/n/10 ) \OMS/cmsy/m/n/10 ^^
@ \OML/cmm/b/it/10 U[]\OT1/cmr/m/n/10 (\OML/cmm/b/it/10 s[]\OT1/cmr/m/n/10 )) =
 \OT1/cmr/bx/n/10 ^^@\OT1/cmr/m/n/10 (\OML/cmm/b/it/10 s[]\OML/cmm/m/it/10 ; \O
ML/cmm/b/it/10 s[]\OT1/cmr/m/n/10 ) \OMS/cmsy/m/n/10 ^^@ \OT1/cmr/bx/n/10 ^^@\O
T1/cmr/m/n/10 (\OML/cmm/b/it/10 s[]\OML/cmm/m/it/10 ; \OML/cmm/b/it/10 t[]\OT1/
cmr/m/n/10 )\OML/cmm/b/it/10 W[]\OT1/cmr/bx/n/10 ^^@\OT1/cmr/m/n/10 (\OML/cmm/b
/it/10 s[]\OML/cmm/m/it/10 ; \OML/cmm/b/it/10 t[]\OT1/cmr/m/n/10 )[] + \OT1/cmr
/bx/n/10 ^^@\OT1/cmr/m/n/10 (\OML/cmm/b/it/10 s[]\OML/cmm/m/it/10 ; \OML/cmm/b/
it/10 t[]\OT1/cmr/m/n/10 )\OML/cmm/b/it/10 W[]^^_[]C[]^^_[]W^^_C[]^^_[]W[]\OT1/
cmr/bx/n/10 ^^@\OT1/cmr/m/n/10 (\OML/cmm/b/it/10 s[]\OML/cmm/m/it/10 ; \OML/cmm
/b/it/10 t[]\OT1/cmr/m/n/10 )[]\OML/cmm/m/it/10 ;
 []


Overfull \hbox (31.23265pt too wide) detected at line 992
[] \OT1/cmr/m/n/10 = \OMS/cmsy/m/n/10 ^^@[][]\OT1/cmr/m/n/10 (\OML/cmm/b/it/10 
P[]B[]B[]\OT1/cmr/m/n/10 ) + [](\OML/cmm/b/it/10 Y \OMS/cmsy/m/n/10 ^^@ \OML/cm
m/b/it/10 X[] \OMS/cmsy/m/n/10 ^^@ \OML/cmm/b/it/10 N[][] \OMS/cmsy/m/n/10 ^^@ 
\OML/cmm/b/it/10 N[][]\OT1/cmr/m/n/10 )[]\OML/cmm/b/it/10 V[]B[]B[]V[]\OT1/cmr/
m/n/10 (\OML/cmm/b/it/10 Y \OMS/cmsy/m/n/10 ^^@ \OML/cmm/b/it/10 X[] \OMS/cmsy/
m/n/10 ^^@ \OML/cmm/b/it/10 N[][] \OMS/cmsy/m/n/10 ^^@ \OML/cmm/b/it/10 N[][]\O
T1/cmr/m/n/10 )\OML/cmm/m/it/10 ;
 []


Overfull \hbox (31.23265pt too wide) detected at line 1007
[] \OT1/cmr/m/n/10 = \OMS/cmsy/m/n/10 ^^@[][]\OT1/cmr/m/n/10 (\OML/cmm/b/it/10 
P[]B[]B[]\OT1/cmr/m/n/10 ) + [](\OML/cmm/b/it/10 Y \OMS/cmsy/m/n/10 ^^@ \OML/cm
m/b/it/10 X[] \OMS/cmsy/m/n/10 ^^@ \OML/cmm/b/it/10 N[][] \OMS/cmsy/m/n/10 ^^@ 
\OML/cmm/b/it/10 N[][]\OT1/cmr/m/n/10 )[]\OML/cmm/b/it/10 V[]B[]B[]V[]\OT1/cmr/
m/n/10 (\OML/cmm/b/it/10 Y \OMS/cmsy/m/n/10 ^^@ \OML/cmm/b/it/10 X[] \OMS/cmsy/
m/n/10 ^^@ \OML/cmm/b/it/10 N[][] \OMS/cmsy/m/n/10 ^^@ \OML/cmm/b/it/10 N[][]\O
T1/cmr/m/n/10 )\OML/cmm/m/it/10 ;
 []


Overfull \vbox (62.0pt too high) has occurred while \output is active []


Overfull \vbox (1.06897pt too high) has occurred while \output is active []


[6]
Overfull \hbox (35.9097pt too wide) detected at line 1149
\OML/cmm/b/it/10 C[]\OT1/cmr/m/n/10 (\OML/cmm/m/it/10 s; t\OT1/cmr/m/n/10 ) = [
] ;
 []


Underfull \hbox (badness 1142) in paragraph at lines 1149--1176
\OT1/ptm/m/n/10 and the non-para-met-ric smooth func-tions are gen-er-ated from
 $\OML/cmm/m/it/10 f[]\OT1/cmr/m/n/10 (\OML/cmm/m/it/10 t\OT1/cmr/m/n/10 ) = 5 
[] [] \OML/cmm/m/it/10 t$ \OT1/ptm/m/n/10 and $\OML/cmm/m/it/10 f[]\OT1/cmr/m/n
/10 (\OML/cmm/m/it/10 t\OT1/cmr/m/n/10 ) =
 []

(art/bivNOU_liu_Biasf.eps
)

Overfull \vbox (240.8pt too high) detected at line 1215
 []

(art/bivNOU_liu_SEf.eps
)

Overfull \vbox (240.8pt too high) detected at line 1223
 []

(art/bivNOU_liu_cp.eps
)

Overfull \vbox (240.8pt too high) detected at line 1233
 []


Overfull \vbox (62.0pt too high) has occurred while \output is active []


Overfull \vbox (1.1294pt too high) has occurred while \output is active []


[7]
Underfull \vbox (badness 10000) has occurred while \output is active []


Overfull \vbox (62.0pt too high) has occurred while \output is active []


Overfull \vbox (1.06897pt too high) has occurred while \output is active []


[8
Non-PDF special ignored!]
Overfull \vbox (62.0pt too high) has occurred while \output is active []


Overfull \vbox (1.1294pt too high) has occurred while \output is active []


[9
Non-PDF special ignored!]
(art/bivLiuFig2.eps
)

Overfull \vbox (240.8pt too high) detected at line 1280
 []


Underfull \vbox (badness 1163) has occurred while \output is active []


Overfull \vbox (62.0pt too high) has occurred while \output is active []


Overfull \vbox (1.06897pt too high) has occurred while \output is active []


[10
Non-PDF special ignored!]
Overfull \vbox (62.0pt too high) has occurred while \output is active []


Overfull \vbox (1.1294pt too high) has occurred while \output is active []


[11
Non-PDF special ignored!]
Overfull \vbox (62.0pt too high) has occurred while \output is active []


Overfull \vbox (1.06897pt too high) has occurred while \output is active []


[12]
Underfull \hbox (badness 10000) in paragraph at lines 1792--1806
\OT1/ptm/m/n/10 where $\OML/cmm/b/it/10 W[] \OT1/cmr/m/n/10 = \OML/cmm/b/it/10 
W[] \OMS/cmsy/m/n/10 ^^@ \OML/cmm/b/it/10 W[]X\OT1/cmr/m/n/10 (\OML/cmm/b/it/10
 X[]W[]X\OT1/cmr/m/n/10 )[]\OML/cmm/b/it/10 X[]W[]$\OT1/ptm/m/n/10 , and $\OML/
cmm/b/it/10 W[] \OT1/cmr/m/n/10 = \OML/cmm/b/it/10 W[] \OMS/cmsy/m/n/10 ^^@ \OM
L/cmm/b/it/10 W[]N[]\OT1/cmr/m/n/10 (\OML/cmm/b/it/10 N[]W[]N[] \OT1/cmr/bx/n/1
0 +
 []


Overfull \vbox (62.0pt too high) has occurred while \output is active []


Overfull \vbox (1.1294pt too high) has occurred while \output is active []


[13]
Overfull \hbox (11.31085pt too wide) in alignment at lines 2043--2078
 [][][] []
 []


Underfull \vbox (badness 4120) has occurred while \output is active []


Overfull \vbox (62.0pt too high) has occurred while \output is active []


Overfull \vbox (1.06897pt too high) has occurred while \output is active []


[14]
Overfull \vbox (62.0pt too high) has occurred while \output is active []


Overfull \vbox (1.1294pt too high) has occurred while \output is active []


[15]
\tf@thm=\write3
\openout3 = `manuscript.thm'.


Overfull \vbox (62.0pt too high) has occurred while \output is active []


Overfull \vbox (1.06897pt too high) has occurred while \output is active []


[16] (./manuscript.aux)

LaTeX Warning: Label(s) may have changed. Rerun to get cross-references right.

 )
(\end occurred inside a group at level 1)

### simple group (level 1) entered at line 1061 ({)
### bottom level 
Here is how much of TeX's memory you used:
 3702 strings out of 492995
 49134 string characters out of 6132704
 134714 words of memory out of 5000000
 7230 multiletter control sequences out of 15000+600000
 38730 words of font info for 76 fonts, out of 8000000 for 9000
 1141 hyphenation exceptions out of 8191
 31i,12n,26p,999b,1413s stack positions out of 5000i,500n,10000p,200000b,80000s
{/usr/local/texlive/2017/texmf-dist/fonts/enc/dvips/base/8r.enc
}</usr/local/texlive/2017/texmf-dist/fonts/type1/public/amsfonts/cm/cmbx10.pfb>
</usr/local/texlive/2017/texmf-dist/fonts/type1/public/amsfonts/cm/cmbx7.pfb></
usr/local/texlive/2017/texmf-dist/fonts/type1/public/amsfonts/cm/cmex10.pfb></u
sr/local/texlive/2017/texmf-dist/fonts/type1/public/amsfonts/cm/cmmi10.pfb></us
r/local/texlive/2017/texmf-dist/fonts/type1/public/amsfonts/cm/cmmi5.pfb></usr/
local/texlive/2017/texmf-dist/fonts/type1/public/amsfonts/cm/cmmi7.pfb></usr/lo
cal/texlive/2017/texmf-dist/fonts/type1/public/amsfonts/cm/cmmi9.pfb></usr/loca
l/texlive/2017/texmf-dist/fonts/type1/public/amsfonts/cm/cmmib10.pfb></usr/loca
l/texlive/2017/texmf-dist/fonts/type1/public/amsfonts/cmextra/cmmib7.pfb></usr/
local/texlive/2017/texmf-dist/fonts/type1/public/amsfonts/cm/cmr10.pfb></usr/lo
cal/texlive/2017/texmf-dist/fonts/type1/public/amsfonts/cm/cmr5.pfb></usr/local
/texlive/2017/texmf-dist/fonts/type1/public/amsfonts/cm/cmr6.pfb></usr/local/te
xlive/2017/texmf-dist/fonts/type1/public/amsfonts/cm/cmr7.pfb></usr/local/texli
ve/2017/texmf-dist/fonts/type1/public/amsfonts/cm/cmr9.pfb></usr/local/texlive/
2017/texmf-dist/fonts/type1/public/amsfonts/cm/cmsy10.pfb></usr/local/texlive/2
017/texmf-dist/fonts/type1/public/amsfonts/cm/cmsy7.pfb></usr/local/texlive/201
7/texmf-dist/fonts/type1/public/amsfonts/symbols/msam10.pfb></usr/local/texlive
/2017/texmf-dist/fonts/type1/urw/helvetic/uhvr8a.pfb></usr/local/texlive/2017/t
exmf-dist/fonts/type1/urw/times/utmb8a.pfb></usr/local/texlive/2017/texmf-dist/
fonts/type1/urw/times/utmr8a.pfb></usr/local/texlive/2017/texmf-dist/fonts/type
1/urw/times/utmri8a.pfb>
Output written on manuscript.pdf (16 pages, 269637 bytes).
PDF statistics:
 142 PDF objects out of 1000 (max. 8388607)
 101 compressed objects within 2 object streams
 0 named destinations out of 1000 (max. 500000)
 1 words of extra memory for PDF output out of 10000 (max. 10000000)

