This is XeTeX, Version 3.14159265-2.6-0.99998 (TeX Live 2017) (preloaded format=xelatex 2017.5.23)  26 SEP 2017 17:14
entering extended mode
 restricted \write18 enabled.
 file:line:error style messages enabled.
 %&-line parsing enabled.
**styleguide.tex
(./styleguide.tex
LaTeX2e <2017-04-15>
Babel <3.10> and hyphenation patterns for 84 language(s) loaded.
(./biometrika.cls
Document Class: biometrika 2009/25/05 v1.5 Standard LaTeX document class
\draftrule=\dimen102
\trimrule=\dimen103
(./Biomet-lineno.sty (./lineno.sty
Package: lineno 2005/11/02 line numbers on paragraphs v4.41
Invalid UTF-8 byte or sequence at line 296 replaced by U+FFFD.
\linenopenalty=\count79
\output=\toks14
\linenoprevgraf=\count80
\linenumbersep=\dimen104
\linenumberwidth=\dimen105
\c@linenumber=\count81
\c@pagewiselinenumber=\count82
\c@LN@truepage=\count83
\c@internallinenumber=\count84
\c@internallinenumbers=\count85
\quotelinenumbersep=\dimen106
\bframerule=\dimen107
\bframesep=\dimen108
\bframebox=\box26
LaTeX Info: Redefining \\ on input line 3056.
))
\minute=\count86
\hour=\count87
\trimwidth=\dimen109
\trimheight=\dimen110
\typewidth=\dimen111
\typeheight=\dimen112
\tempdimen=\dimen113
\normaltextheight=\dimen114
\normalbaselineskip=\skip41
\blindfoliodrop=\dimen115
\enumdim=\dimen116
\figheight=\dimen117
\figwidth=\dimen118
\tabledim=\dimen119
\tableleftskip=\skip42
\tablerightskip=\skip43
\mathindent=\dimen120
\emathindent=\dimen121
\bibindent=\dimen122
\tempbox=\box27
\aucount=\count88
\affcount=\count89
\articlecount=\count90
\abbrebox=\box28
\c@part=\count91
\c@chapter=\count92
\c@section=\count93
\c@subsection=\count94
\topsepi=\skip44
\topsepii=\skip45
\topsepiii=\skip46
\itemsepi=\skip47
\itemsepii=\skip48
\itemsepiii=\skip49
\LabelSep=\dimen123
\deflistcount=\count95
\listtextleftmargin=\skip50
\listtextleftmarginii=\skip51
\listtextleftmarginiii=\skip52
\listtextrightmargin=\skip53
\listlabelleftskip=\skip54
\listlabelleftskipii=\skip55
\listlabelleftskipiii=\skip56
\abovelistskipi=\skip57
\belowlistskipi=\skip58
\abovelistskipii=\skip59
\belowlistskipii=\skip60
\abovelistskipiii=\skip61
\belowlistskipiii=\skip62
\labelsepi=\skip63
\labelsepii=\skip64
\labelsepiii=\skip65
\enumdimwd=\dimen124
\unnumlistindent=\dimen125
\itemleftmargin=\dimen126
\itemlabelsep=\dimen127
\c@ncount=\count96
\abovecaptionskip=\skip66
\belowcaptionskip=\skip67
\c@figure=\count97
\tempadimen=\dimen128

(/usr/local/texlive/2017/texmf-dist/tex/generic/epsf/epsf.sty
This is `epsf.tex' v2.7.4 <14 February 2011>
\epsffilein=\read1
\epsfframemargin=\dimen129
\epsfframethickness=\dimen130
\epsfrsize=\dimen131
\epsftmp=\dimen132
\epsftsize=\dimen133
\epsfxsize=\dimen134
\epsfysize=\dimen135
\pspoints=\dimen136
)
\figtempbox=\box29
\c@table=\count98
\@footmax=\dimen137
LaTeX Font Info:    External font `cmex10' loaded for size
(Font)              <8> on input line 1292.
LaTeX Font Info:    External font `cmex10' loaded for size
(Font)              <6> on input line 1292.
LaTeX Font Info:    External font `cmex10' loaded for size
(Font)              <5> on input line 1292.
\bibindent=\dimen138
\bibleftmargin=\dimen139
\bibitemsep=\dimen140
\bibparsep=\dimen141
\bibtext=\dimen142
\biblabelsep=\dimen143
\bibleftmargini=\dimen144
\linecount=\count99
\tempcount=\count100
 (./ntheorem.sty
Style `ntheorem', Version 1.24 <2004/09/20>
Package: ntheorem 2004/09/20 1.24
\theorem@style=\toks15
\theorem@@style=\toks16
\theorembodyfont=\toks17
\theoremnumbering=\toks18
\theorempreskipamount=\skip68
\theorempostskipamount=\skip69
\theoremindent=\dimen145
\theorem@indent=\dimen146
\theoremheaderfont=\toks19
\theoremseparator=\toks20
\theoremprework=\toks21
\theorempostwork=\toks22
\theoremsymbol=\toks23
\qedsymbol=\toks24
\theoremkeyword=\toks25
\qedsymbol=\toks26
\thm@topsepadd=\skip70
Package ntheorem Info: Option `thmmarks' loaded on input line 1031.
\c@endNonectr=\count101
\c@currNonectr=\count102
\mysavskip=\skip71
)
\c@currtheoremctr=\count103
\c@endtheoremctr=\count104
\c@theorem=\count105
\c@currlemmactr=\count106
\c@endlemmactr=\count107
\c@lemma=\count108
\c@currcorollaryctr=\count109
\c@endcorollaryctr=\count110
\c@corollary=\count111
\c@currpropositionctr=\count112
\c@endpropositionctr=\count113
\c@proposition=\count114
\c@currdefinitionctr=\count115
\c@enddefinitionctr=\count116
\c@definition=\count117
\c@currassumptionctr=\count118
\c@endassumptionctr=\count119
\c@assumption=\count120
\c@currremarkctr=\count121
\c@endremarkctr=\count122
\c@remark=\count123
\c@currstepctr=\count124
\c@endstepctr=\count125
\c@step=\count126
\c@currconditionctr=\count127
\c@endconditionctr=\count128
\c@condition=\count129
\c@currpropertyctr=\count130
\c@endpropertyctr=\count131
\c@property=\count132
\c@currrestrictionctr=\count133
\c@endrestrictionctr=\count134
\c@restriction=\count135
\c@currexamplectr=\count136
\c@endexamplectr=\count137
\c@example=\count138
\c@curralgoctr=\count139
\c@endalgoctr=\count140
\c@algo=\count141
\c@currproofctr=\count142
\c@endproofctr=\count143
\c@proof=\count144
 (/usr/local/texlive/2017/texmf-dist/tex/latex/natbib/natbib.sty
Package: natbib 2010/09/13 8.31b (PWD, AO)
\bibhang=\skip72
\bibsep=\skip73
LaTeX Info: Redefining \cite on input line 694.
\c@NAT@ctr=\count145
))
(/usr/local/texlive/2017/texmf-dist/tex/latex/amsmath/amsmath.sty
Package: amsmath 2016/11/05 v2.16a AMS math features
\@mathmargin=\skip74

For additional information on amsmath, use the `?' option.
(/usr/local/texlive/2017/texmf-dist/tex/latex/amsmath/amstext.sty
Package: amstext 2000/06/29 v2.01 AMS text

(/usr/local/texlive/2017/texmf-dist/tex/latex/amsmath/amsgen.sty
File: amsgen.sty 1999/11/30 v2.0 generic functions
\@emptytoks=\toks27
\ex@=\dimen147
)
LaTeX Info: Redefining \text on input line 28.
)
(/usr/local/texlive/2017/texmf-dist/tex/latex/amsmath/amsbsy.sty
Package: amsbsy 1999/11/29 v1.2d Bold Symbols
\pmbraise@=\dimen148
)
(/usr/local/texlive/2017/texmf-dist/tex/latex/amsmath/amsopn.sty
Package: amsopn 2016/03/08 v2.02 operator names
)
\inf@bad=\count146
LaTeX Info: Redefining \frac on input line 213.
\uproot@=\count147
\leftroot@=\count148
LaTeX Info: Redefining \overline on input line 375.
\classnum@=\count149
\DOTSCASE@=\count150
LaTeX Info: Redefining \ldots on input line 472.
LaTeX Info: Redefining \dots on input line 475.
LaTeX Info: Redefining \cdots on input line 596.
\Mathstrutbox@=\box30
\strutbox@=\box31
\big@size=\dimen149
LaTeX Font Info:    Redeclaring font encoding OML on input line 712.
LaTeX Font Info:    Redeclaring font encoding OMS on input line 713.
\macc@depth=\count151
\c@MaxMatrixCols=\count152
\dotsspace@=\muskip10
\c@parentequation=\count153
\dspbrk@lvl=\count154
\tag@help=\toks28
\row@=\count155
\column@=\count156
\maxfields@=\count157
\andhelp@=\toks29
\eqnshift@=\dimen150
\alignsep@=\dimen151
\tagshift@=\dimen152
\tagwidth@=\dimen153
\totwidth@=\dimen154
\lineht@=\dimen155
\@envbody=\toks30
\multlinegap=\skip75
\multlinetaggap=\skip76
\mathdisplay@stack=\toks31
LaTeX Info: Redefining \[ on input line 2817.
LaTeX Info: Redefining \] on input line 2818.
)
(/usr/local/texlive/2017/texmf-dist/tex/latex/psnfss/times.sty
Package: times 2005/04/12 PSNFSS-v9.2a (SPQR) 
)
(/usr/local/texlive/2017/texmf-dist/tex/latex/tools/bm.sty
Package: bm 2017/01/16 v1.2c Bold Symbol Support (DPC/FMi)
\symboldoperators=\mathgroup4
\symboldletters=\mathgroup5
\symboldsymbols=\mathgroup6
LaTeX Font Info:    Redeclaring math alphabet \mathbf on input line 141.
LaTeX Info: Redefining \bm on input line 207.
)
(/usr/local/texlive/2017/texmf-dist/tex/latex/algorithm2e/algorithm2e.sty
Invalid UTF-8 byte or sequence at line 275 replaced by U+FFFD.
Invalid UTF-8 byte or sequence at line 290 replaced by U+FFFD.
Invalid UTF-8 byte or sequence at line 540 replaced by U+FFFD.
Package: algorithm2e 2013/01/06 v5.00 algorithms environments
\c@AlgoLine=\count158

(/usr/local/texlive/2017/texmf-dist/tex/latex/base/ifthen.sty
Package: ifthen 2014/09/29 v1.1c Standard LaTeX ifthen package (DPC)
)
Invalid UTF-8 byte or sequence at line 1311 replaced by U+FFFD.
Invalid UTF-8 byte or sequence at line 1313 replaced by U+FFFD.
Invalid UTF-8 byte or sequence at line 1315 replaced by U+FFFD.
\algocf@hangindent=\skip77

(/usr/local/texlive/2017/texmf-dist/tex/latex/tools/xspace.sty
Package: xspace 2014/10/28 v1.13 Space after command names (DPC,MH)
)
(/usr/local/texlive/2017/texmf-dist/tex/latex/relsize/relsize.sty
Package: relsize 2013/03/29 ver 4.1
)
********************************************************
Package `algorithm2e' Release 5.1 -- october 19 2015 --
- algorithm2e-announce@lirmm.fr mailing list for announcement about releases
- algorithm2e-discussion@lirmm.fr mailing list for discussion about package
subscribe by emailing sympa@lirmm.fr with 'subscribe <list> <firstname name>'
- Author: Christophe Fiorio (christophe.fiorio@umontpellier.fr)
********************************************************
\skiptotal=\skip78
\skiplinenumber=\skip79
\skiprule=\skip80
\skiphlne=\skip81
\skiptext=\skip82
\skiplength=\skip83
\algomargin=\skip84
\skipalgocfslide=\skip85
\algowidth=\dimen156
\inoutsize=\dimen157
\inoutindent=\dimen158
\interspacetitleruled=\dimen159
\interspacealgoruled=\dimen160
\interspacetitleboxruled=\dimen161
\algocf@ruledwidth=\skip86
\algocf@inoutbox=\box32
\algocf@inputbox=\box33
\AlCapSkip=\skip87
\AlCapHSkip=\skip88
\algoskipindent=\skip89
\algocf@nlbox=\box34
\algocf@hangingbox=\box35
\algocf@untilbox=\box36
\algocf@skipuntil=\skip90
\algocf@capbox=\box37
\algoheightruledefault=\skip91
\algoheightrule=\skip92
\algotitleheightruledefault=\skip93
\algotitleheightrule=\skip94
\c@algocfline=\count159
\c@algocfproc=\count160
\c@algocf=\count161
\algocf@algoframe=\box38
\algocf@algobox=\box39
) (./styleguide.aux)
\openout1 = `styleguide.aux'.

LaTeX Font Info:    Checking defaults for OML/cmm/m/it on input line 42.
LaTeX Font Info:    ... okay on input line 42.
LaTeX Font Info:    Checking defaults for T1/cmr/m/n on input line 42.
LaTeX Font Info:    ... okay on input line 42.
LaTeX Font Info:    Checking defaults for OT1/cmr/m/n on input line 42.
LaTeX Font Info:    ... okay on input line 42.
LaTeX Font Info:    Checking defaults for OMS/cmsy/m/n on input line 42.
LaTeX Font Info:    ... okay on input line 42.
LaTeX Font Info:    Checking defaults for TU/lmr/m/n on input line 42.
LaTeX Font Info:    ... okay on input line 42.
LaTeX Font Info:    Checking defaults for OMX/cmex/m/n on input line 42.
LaTeX Font Info:    ... okay on input line 42.
LaTeX Font Info:    Checking defaults for U/cmr/m/n on input line 42.
LaTeX Font Info:    ... okay on input line 42.
LaTeX Font Info:    Try loading font information for TU+ptm on input line 42.
LaTeX Font Info:    No file TUptm.fd. on input line 42.


LaTeX Font Warning: Font shape `TU/ptm/m/n' undefined
(Font)              using `TU/lmr/m/n' instead on input line 42.


LaTeX Font Warning: Font shape `TU/ptm/bx/n' undefined
(Font)              using `TU/ptm/m/n' instead on input line 67.

LaTeX Font Info:    Try loading font information for TU+phv on input line 67.
LaTeX Font Info:    No file TUphv.fd. on input line 67.

LaTeX Font Warning: Font shape `TU/phv/m/n' undefined
(Font)              using `TU/lmr/m/n' instead on input line 67.


LaTeX Font Warning: Font shape `TU/ptm/m/sc' undefined
(Font)              using `TU/ptm/m/n' instead on input line 67.


LaTeX Font Warning: Font shape `TU/ptm/m/it' undefined
(Font)              using `TU/ptm/m/n' instead on input line 67.


Underfull \vbox (badness 10000) has occurred while \output is active []


Overfull \vbox (62.0pt too high) has occurred while \output is active []


Overfull \vbox (10.0pt too high) has occurred while \output is active []

 [1

]
LaTeX Font Info:    Try loading font information for TU+pcr on input line 103.
LaTeX Font Info:    No file TUpcr.fd. on input line 103.


LaTeX Font Warning: Font shape `TU/pcr/m/n' undefined
(Font)              using `TU/lmr/m/n' instead on input line 103.


Underfull \vbox (badness 10000) has occurred while \output is active []


Overfull \vbox (62.0pt too high) has occurred while \output is active []


Overfull \vbox (1.45401pt too high) has occurred while \output is active []


[2]

Package amsmath Warning: Foreign command \atopwithdelims;
(amsmath)                \frac or \genfrac should be used instead
(amsmath)                 on input line 138.


Overfull \vbox (62.0pt too high) has occurred while \output is active []


Overfull \vbox (1.23401pt too high) has occurred while \output is active []


[3]
(art/fig1.eps
)

Overfull \vbox (240.8pt too high) detected at line 193
 []


Overfull \vbox (62.0pt too high) has occurred while \output is active []


Overfull \vbox (1.45401pt too high) has occurred while \output is active []


[4]
Underfull \vbox (badness 1377) has occurred while \output is active []


Overfull \vbox (62.0pt too high) has occurred while \output is active []


Overfull \vbox (1.23401pt too high) has occurred while \output is active []


[5]
Overfull \vbox (62.0pt too high) has occurred while \output is active []


Overfull \vbox (1.45401pt too high) has occurred while \output is active []


[6]
Overfull \vbox (62.0pt too high) has occurred while \output is active []


Overfull \vbox (1.23401pt too high) has occurred while \output is active []


[7]
\tf@thm=\write3
\openout3 = `styleguide.thm'.


Overfull \vbox (62.0pt too high) has occurred while \output is active []


Overfull \vbox (1.45401pt too high) has occurred while \output is active []


[8] (./styleguide.aux)

LaTeX Font Warning: Some font shapes were not available, defaults substituted.

 )
(\end occurred inside a group at level 1)

### simple group (level 1) entered at line 1061 ({)
### bottom level 
Here is how much of TeX's memory you used:
 3541 strings out of 493005
 46959 string characters out of 6134596
 134927 words of memory out of 5000000
 7494 multiletter control sequences out of 15000+600000
 14873 words of font info for 61 fonts, out of 8000000 for 9000
 1348 hyphenation exceptions out of 8191
 31i,12n,26p,754b,1340s stack positions out of 5000i,500n,10000p,200000b,80000s

Output written on styleguide.pdf (8 pages).
